<?xml version="1.0" encoding="UTF-8"?>
<testsuite xmlns:xsi="http://www.w3.org/2001/XMLSchema-instance" xsi:schemaLocation="https://maven.apache.org/surefire/maven-surefire-plugin/xsd/surefire-test-report.xsd" name="com.orderProcessing.dao.test.AddressDAOTest" time="4.871" tests="2" errors="0" skipped="0" failures="0">
  <properties>
[...]
</properties>
  <testcase name="canGetAllAddress" classname="com.orderProcessing.dao.test.AddressDAOTest" time="0.168"/>
  <testcase name="canSaveAddress" classname="com.orderProcessing.dao.test.AddressDAOTest" time="0.188"/>
</testsuite>